[debug] > Exec(reload, None, None)
[debug] > Exec(sbtStashOnFailure, None, None)
[debug] > Exec(onFailure loadFailed, None, None)
[debug] > Exec(loadp, None, None)
[info] welcome to sbt 1.10.4 (Oracle Corporation Java 1.8.0_251)
[debug] Load.defaultLoad until apply took 2.2369ms
[debug]           Load.loadUnit: plugins took 32.5854ms
[debug]           Load.loadUnit: defsScala took 0.0034ms
[debug] [Loading] Scanning directory C:\Users\bijum\IdeaProjects\sparkproject\project
[debug]             Load.loadUnit: mkEval took 0.2628ms
[debug] [Loading] Found non-root projects 
[debug] [Loading] Done in C:\Users\bijum\IdeaProjects\sparkproject\project, returning: ()
[debug] deducing auto plugins based on known facts Set(Atom(sbt.plugins.CorePlugin)) and clauses Clauses(Clause(Atom(sbt.plugins.JvmPlugin),Set(Atom(sbt.plugins.IvyPlugin)))
[debug] Clause(Atom(sbt.ScriptedPlugin),Set(Atom(sbt.plugins.JvmPlugin)))
[debug] Clause(Atom(sbt.plugins.SbtPlugin),Set(Atom(sbt.ScriptedPlugin)))
[debug] Clause(Atom(sbt.plugins.SemanticdbPlugin),Set(Atom(sbt.plugins.JvmPlugin)))
[debug] Clause(Atom(sbt.plugins.JUnitXmlReportPlugin),Set(Atom(sbt.plugins.JvmPlugin)))
[debug] Clause(Atom(sbt.plugins.MiniDependencyTreePlugin),Set(Atom(sbt.plugins.JvmPlugin)))
[debug] Clause(Atom(sbt.plugins.CorePlugin),Set(Atom(sbt.plugins.IvyPlugin)))
[debug] Clause(Atom(sbt.plugins.IvyPlugin),Set(Atom(sbt.plugins.JvmPlugin)))
[debug] Clause(Atom(sbt.plugins.JvmPlugin),Set(Atom(sbt.plugins.SemanticdbPlugin)))
[debug] Clause(Atom(sbt.plugins.JvmPlugin),Set(Atom(sbt.plugins.JUnitXmlReportPlugin)))
[debug] Clause(Atom(sbt.plugins.CorePlugin),Set(Atom(sbt.plugins.Giter8TemplatePlugin)))
[debug] Clause(Atom(sbt.plugins.JvmPlugin),Set(Atom(sbt.plugins.MiniDependencyTreePlugin))))
[debug]   :: deduced result: Matched(sbt.plugins.CorePlugin,sbt.plugins.Giter8TemplatePlugin,sbt.plugins.IvyPlugin,sbt.plugins.JvmPlugin,sbt.plugins.MiniDependencyTreePlugin,sbt.plugins.JUnitXmlReportPlugin,sbt.plugins.SemanticdbPlugin)
[debug] Plugins.deducer#function took 1.5455 ms
[info] loading settings for project sparkproject-build from idea1.sbt ...
[debug]               Load.resolveProject(sparkproject-build) took 1.4845ms
[debug]             Load.loadTransitive: finalizeProject(Project(id sparkproject-build, base: C:\Users\bijum\IdeaProjects\sparkproject\project, plugins: List(<none>))) took 3.5307ms
[debug] [Loading] Done in C:\Users\bijum\IdeaProjects\sparkproject\project, returning: (sparkproject-build)
[debug]           Load.loadUnit: loadedProjectsRaw took 27.55ms
[debug]           Load.loadUnit: cleanEvalClasses took 0.5272ms
[debug]         Load.loadUnit(file:/C:/Users/bijum/IdeaProjects/sparkproject/project/, ...) took 61.263ms
[debug]       Load.apply: load took 62.6936ms
[debug]       Load.apply: resolveProjects took 0.1222ms
[debug]       Load.apply: finalTransforms took 7.4145ms
[debug]       Load.apply: config.delegates took 0.4824ms
[debug]       Load.apply: Def.make(settings)... took 74.6327ms
[debug]       Load.apply: structureIndex took 33.7408ms
[debug]       Load.apply: mkStreams took 0.0054ms
[info] loading project definition from C:\Users\bijum\IdeaProjects\sparkproject\project
[debug] Running task... Cancel: Signal, check cycles: false, forcegc: true
[debug]     Load.loadUnit: plugins took 478.1342ms
[debug]     Load.loadUnit: defsScala took 0.0036ms
[debug] [Loading] Scanning directory C:\Users\bijum\IdeaProjects\sparkproject
[debug]       Load.loadUnit: mkEval took 0.3633ms
[debug] [Loading] Found root project root w/ remaining 
[debug] deducing auto plugins based on known facts Set(Atom(sbt.plugins.CorePlugin)) and clauses Clauses(Clause(Atom(sbt.plugins.JvmPlugin),Set(Atom(sbt.plugins.IvyPlugin)))
[debug] Clause(Atom(sbt.ScriptedPlugin),Set(Atom(sbt.plugins.JvmPlugin)))
[debug] Clause(Atom(sbt.plugins.SbtPlugin),Set(Atom(sbt.ScriptedPlugin)))
[debug] Clause(Atom(sbt.plugins.SemanticdbPlugin),Set(Atom(sbt.plugins.JvmPlugin)))
[debug] Clause(Atom(sbt.plugins.JUnitXmlReportPlugin),Set(Atom(sbt.plugins.JvmPlugin)))
[debug] Clause(Atom(sbt.plugins.MiniDependencyTreePlugin),Set(Atom(sbt.plugins.JvmPlugin)))
[debug] Clause(Atom(org.jetbrains.sbt.StructurePlugin),Set(Atom(sbt.plugins.JvmPlugin)))
[debug] Clause(Atom(org.jetbrains.sbt.IdeaShellPlugin),Set(Atom(sbt.plugins.JvmPlugin)))
[debug] Clause(Atom(sbt.plugins.CorePlugin),Set(Atom(sbt.plugins.IvyPlugin)))
[debug] Clause(Atom(sbt.plugins.IvyPlugin),Set(Atom(sbt.plugins.JvmPlugin)))
[debug] Clause(Atom(sbt.plugins.JvmPlugin),Set(Atom(sbt.plugins.SemanticdbPlugin)))
[debug] Clause(Atom(sbt.plugins.JvmPlugin),Set(Atom(sbt.plugins.JUnitXmlReportPlugin)))
[debug] Clause(Atom(sbt.plugins.CorePlugin),Set(Atom(sbt.plugins.Giter8TemplatePlugin)))
[debug] Clause(Atom(sbt.plugins.JvmPlugin),Set(Atom(sbt.plugins.MiniDependencyTreePlugin)))
[debug] Clause(Atom(sbt.plugins.JvmPlugin),Set(Atom(org.jetbrains.sbt.StructurePlugin)))
[debug] Clause(Atom(sbt.plugins.JvmPlugin),Set(Atom(org.jetbrains.sbt.IdeaShellPlugin))))
[debug]   :: deduced result: Matched(sbt.plugins.CorePlugin,sbt.plugins.Giter8TemplatePlugin,sbt.plugins.IvyPlugin,sbt.plugins.JvmPlugin,sbt.plugins.SemanticdbPlugin,sbt.plugins.JUnitXmlReportPlugin,org.jetbrains.sbt.IdeaShellPlugin,org.jetbrains.sbt.StructurePlugin,sbt.plugins.MiniDependencyTreePlugin)
[debug] Plugins.deducer#function took 2.1867 ms
[info] loading settings for project root from build.sbt ...
[debug]         Load.resolveProject(root) took 38.0676ms
[debug]       Load.loadTransitive: finalizeProject(Project(id root, base: C:\Users\bijum\IdeaProjects\sparkproject, plugins: List(<none>))) took 40.7934ms
[debug] [Loading] Done in C:\Users\bijum\IdeaProjects\sparkproject, returning: (root)
[debug]     Load.loadUnit: loadedProjectsRaw took 111.4946ms
[debug]     Load.loadUnit: cleanEvalClasses took 0.9995ms
[debug]   Load.loadUnit(file:/C:/Users/bijum/IdeaProjects/sparkproject/, ...) took 591.197ms
[debug] Load.apply: load took 592.7518ms
[debug] Load.apply: resolveProjects took 0.1086ms
[debug] Load.apply: finalTransforms took 19.3588ms
[debug] Load.apply: config.delegates took 0.3461ms
[debug] Load.apply: Def.make(settings)... took 87.1536ms
[debug] Load.apply: structureIndex took 56.8533ms
[debug] Load.apply: mkStreams took 0.003ms
[info] set current project to perfect (in build file:/C:/Users/bijum/IdeaProjects/sparkproject/)
[debug] > Exec(sbtPopOnFailure, None, None)
[debug] > Exec(resumeFromFailure, None, None)
[debug] > Exec(idea-shell, None, None)
